[2026-04-23T07:47:58Z] === ENRICH ITERATION 1 START | repo=crossterm-rs/crossterm sha=36d95b26 ===
[2026-04-23T07:47:58Z] [iter=1] PHASE START: enrich repo=crossterm-rs/crossterm sha=36d95b26 runlog=/home/runner/work/forx/forx/storage/aggregate/lsp/logs/36d95b26-enrich-iter-001.log output=/home/runner/work/forx/forx/storage/aggregate/lsp/36d95b26a26e64b0f8c12edfe11f410a6d56a812.nq.gz
[2026-04-23T07:48:18Z] [iter=1] Step 1: Loading AST into disk-backed store mem_mb=77 MB
[2026-04-23T07:48:23Z] [iter=1] AST store loaded triples=423329 load_secs=5 mem_mb=638 MB
[2026-04-23T07:48:23Z] [iter=1] Step 2: Finding LSP targets mem_mb=638 MB
[2026-04-23T07:48:24Z] [iter=1] LSP targets found call_sites=3275 imports=121 extends=0 implements=33 secs=0
[2026-04-23T07:48:24Z] [iter=1] Step 2.7: Building position index (one-shot, shared across resolvers) mem_mb=638 MB
[2026-04-23T07:48:25Z] [iter=1] Position index built positions=29070 nodes_with_types=35321 secs=2 mem_mb=638 MB
[2026-04-23T07:48:25Z] [iter=1] Step 3: Starting LSP resolution mem_mb=638 MB already_completed_types=[] already_completed_files=0
[2026-04-23T07:48:25Z] [iter=1] Resolving target type target_type=call_site count=3275
[2026-04-23T07:48:43Z] [iter=1] HEARTBEAT target_type=call_site elapsed_min=0.7 files_done=0 resolved=0 errors=0 current=src/cursor.rs
[2026-04-23T07:49:52Z] [iter=1] HEARTBEAT target_type=call_site elapsed_min=1.9 files_done=3 resolved=344 errors=430 current=src/event/read.rs
[2026-04-23T07:50:26Z] [iter=1] HEARTBEAT target_type=call_site elapsed_min=2.5 files_done=10 resolved=817 errors=677 current=src/command.rs
[2026-04-23T07:51:04Z] [iter=1] HEARTBEAT target_type=call_site elapsed_min=3.1 files_done=29 resolved=1039 errors=953 current=examples/event-poll-read.rs
[2026-04-23T07:51:23Z] [iter=1] Target type resolved target_type=call_site resolved=1147 errors=1096 secs=177 mem_mb=638 MB
[2026-04-23T07:51:23Z] [iter=1] Resolving target type target_type=import_statement count=121
[2026-04-23T07:51:34Z] [iter=1] HEARTBEAT target_type=import_statement elapsed_min=3.6 files_done=7 resolved=17 errors=0 current=src/cursor/sys/windows.rs
[2026-04-23T07:51:35Z] [iter=1] Target type resolved target_type=import_statement resolved=75 errors=0 secs=12 mem_mb=638 MB
[2026-04-23T07:51:35Z] [iter=1] Resolving target type target_type=implements_clause count=33
[2026-04-23T07:51:45Z] [iter=1] Target type resolved target_type=implements_clause resolved=28 errors=0 secs=10 mem_mb=638 MB
[2026-04-23T07:51:56Z] [iter=1] Step 5: Writing final enrichment file triples=22294
[2026-04-23T07:51:57Z] [iter=1] Enrichment file written path=/home/runner/work/forx/forx/storage/aggregate/lsp/36d95b26a26e64b0f8c12edfe11f410a6d56a812.nq.gz size_kb=412
[2026-04-23T07:51:57Z] [iter=1] PHASE END: enrich elapsed_s=238 elapsed_min=4.0 total_triples=22294
